<?xml version="1.0" encoding="UTF-8"?>
<testng-results ignored="0" total="1" passed="1" failed="0" skipped="0">
  <reporter-output>
  </reporter-output>
  <suite started-at="2024-01-28T16:20:56 IST" name="Default suite" finished-at="2024-01-28T16:20:56 IST" duration-ms="45">
    <groups>
    </groups>
    <test started-at="2024-01-28T16:20:56 IST" name="Default test" finished-at="2024-01-28T16:20:56 IST" duration-ms="45">
      <class name="Excercise.MyAssignment">
        <test-method signature="testcase1()[pri:0, instance:Excercise.MyAssignment@61d6015a]" started-at="2024-01-28T16:20:56 IST" name="testcase1" finished-at="2024-01-28T16:20:56 IST" duration-ms="10" status="PASS">
          <reporter-output>
          </reporter-output>
        </test-method> <!-- testcase1 -->
      </class> <!-- Excercise.MyAssignment -->
    </test> <!-- Default test -->
  </suite> <!-- Default suite -->
</testng-results>
